2025-11-13T16:23:37.975+08:00  INFO 26560 --- [lemon-boot] [restartedMain] o.l.b.BugTrackPlatformServerApplication  : Starting BugTrackPlatformServerApplication using Java 21.0.7 with PID 26560 (E:\001_open_code\bugtrack-platform-Server\target\classes started by Administrator in E:\001_open_code\bugtrack-platform-Server)
2025-11-13T16:23:37.977+08:00  INFO 26560 --- [lemon-boot] [restartedMain] o.l.b.BugTrackPlatformServerApplication  : The following 1 profile is active: "dev"
2025-11-13T16:23:38.030+08:00  INFO 26560 --- [lemon-boot] [restartedMain] .e.DevToolsPropertyDefaultsPostProcessor : Devtools property defaults active! Set 'spring.devtools.add-properties' to 'false' to disable
2025-11-13T16:23:38.031+08:00  INFO 26560 --- [lemon-boot] [restartedMain] .e.DevToolsPropertyDefaultsPostProcessor : For additional web related logging consider setting the 'logging.level.web' property to 'DEBUG'
2025-11-13T16:23:39.307+08:00  INFO 26560 --- [lemon-boot] [restartedMain] .s.d.r.c.RepositoryConfigurationDelegate : Multiple Spring Data modules found, entering strict repository configuration mode
2025-11-13T16:23:39.309+08:00  INFO 26560 --- [lemon-boot] [restartedMain] .s.d.r.c.RepositoryConfigurationDelegate : Bootstrapping Spring Data Redis repositories in DEFAULT mode.
2025-11-13T16:23:39.333+08:00  INFO 26560 --- [lemon-boot] [restartedMain] .s.d.r.c.RepositoryConfigurationDelegate : Finished Spring Data repository scanning in 3 ms. Found 0 Redis repository interfaces.
2025-11-13T16:23:39.440+08:00  WARN 26560 --- [lemon-boot] [restartedMain] o.m.s.mapper.ClassPathMapperScanner      : No MyBatis mapper was found in '[org.lemon.bugtrackplatformserver]' package. Please check your configuration.
2025-11-13T16:23:39.444+08:00  INFO 26560 --- [lemon-boot] [restartedMain] faultConfiguringBeanFactoryPostProcessor : No bean named 'errorChannel' has been explicitly defined. Therefore, a default PublishSubscribeChannel will be created.
2025-11-13T16:23:39.453+08:00  INFO 26560 --- [lemon-boot] [restartedMain] faultConfiguringBeanFactoryPostProcessor : No bean named 'integrationHeaderChannelRegistry' has been explicitly defined. Therefore, a default DefaultHeaderChannelRegistry will be created.
2025-11-13T16:23:40.325+08:00  INFO 26560 --- [lemon-boot] [restartedMain] o.s.b.w.embedded.tomcat.TomcatWebServer  : Tomcat initialized with port 8088 (http)
2025-11-13T16:23:40.344+08:00  INFO 26560 --- [lemon-boot] [restartedMain] o.apache.catalina.core.StandardService   : Starting service [Tomcat]
2025-11-13T16:23:40.345+08:00  INFO 26560 --- [lemon-boot] [restartedMain] o.apache.catalina.core.StandardEngine    : Starting Servlet engine: [Apache Tomcat/10.1.48]
2025-11-13T16:23:40.412+08:00  INFO 26560 --- [lemon-boot] [restartedMain] o.a.c.c.C.[Tomcat].[localhost].[/]       : Initializing Spring embedded WebApplicationContext
2025-11-13T16:23:40.413+08:00  INFO 26560 --- [lemon-boot] [restartedMain] w.s.c.ServletWebServerApplicationContext : Root WebApplicationContext: initialization completed in 2368 ms
2025-11-13T16:23:41.092+08:00  WARN 26560 --- [lemon-boot] [restartedMain] ion$DefaultTemplateResolverConfiguration : Cannot find template location: classpath:/templates/ (please add some templates, check your Thymeleaf configuration, or set spring.thymeleaf.check-template-location=false)
2025-11-13T16:23:41.428+08:00  INFO 26560 --- [lemon-boot] [restartedMain] c.a.d.s.b.a.DruidDataSourceAutoConfigure : Init DruidDataSource
2025-11-13T16:23:41.824+08:00  INFO 26560 --- [lemon-boot] [restartedMain] com.alibaba.druid.pool.DruidDataSource   : {dataSource-1} inited
2025-11-13T16:23:41.929+08:00  INFO 26560 --- [lemon-boot] [restartedMain] m.e.s.MybatisPlusApplicationContextAware : Register ApplicationContext instances org.springframework.boot.web.servlet.context.AnnotationConfigServletWebServerApplicationContext@14a166a
2025-11-13T16:23:42.154+08:00  INFO 26560 --- [lemon-boot] [restartedMain] org.quartz.impl.StdSchedulerFactory      : Using default implementation for ThreadExecutor
2025-11-13T16:23:42.163+08:00  INFO 26560 --- [lemon-boot] [restartedMain] org.quartz.core.SchedulerSignalerImpl    : Initialized Scheduler Signaller of type: class org.quartz.core.SchedulerSignalerImpl
2025-11-13T16:23:42.164+08:00  INFO 26560 --- [lemon-boot] [restartedMain] org.quartz.core.QuartzScheduler          : Quartz Scheduler v2.5.0 created.
2025-11-13T16:23:42.164+08:00  INFO 26560 --- [lemon-boot] [restartedMain] org.quartz.simpl.RAMJobStore             : RAMJobStore initialized.
2025-11-13T16:23:42.165+08:00  INFO 26560 --- [lemon-boot] [restartedMain] org.quartz.core.QuartzScheduler          : Scheduler meta-data: Quartz Scheduler (v2.5.0) 'quartzScheduler' with instanceId 'NON_CLUSTERED'
  Scheduler class: 'org.quartz.core.QuartzScheduler' - running locally.
  NOT STARTED.
  Currently in standby mode.
  Number of jobs executed: 0
  Using thread pool 'org.quartz.simpl.SimpleThreadPool' - with 10 threads.
  Using job-store 'org.quartz.simpl.RAMJobStore' - which does not support persistence. and is not clustered.

2025-11-13T16:23:42.165+08:00  INFO 26560 --- [lemon-boot] [restartedMain] org.quartz.impl.StdSchedulerFactory      : Quartz scheduler 'quartzScheduler' initialized from an externally provided properties instance.
2025-11-13T16:23:42.165+08:00  INFO 26560 --- [lemon-boot] [restartedMain] org.quartz.impl.StdSchedulerFactory      : Quartz scheduler version: 2.5.0
2025-11-13T16:23:42.165+08:00  INFO 26560 --- [lemon-boot] [restartedMain] org.quartz.core.QuartzScheduler          : JobFactory set to: org.springframework.scheduling.quartz.SpringBeanJobFactory@fc573a4
2025-11-13T16:23:42.414+08:00  INFO 26560 --- [lemon-boot] [restartedMain] o.s.b.d.a.OptionalLiveReloadServer       : LiveReload server is running on port 35729
2025-11-13T16:23:42.420+08:00  INFO 26560 --- [lemon-boot] [restartedMain] o.s.b.a.e.web.EndpointLinksResolver      : Exposing 3 endpoints beneath base path '/actuator'
2025-11-13T16:23:42.560+08:00  INFO 26560 --- [lemon-boot] [restartedMain] o.s.i.endpoint.EventDrivenConsumer       : Adding {logging-channel-adapter:_org.springframework.integration.errorLogger} as a subscriber to the 'errorChannel' channel
2025-11-13T16:23:42.561+08:00  INFO 26560 --- [lemon-boot] [restartedMain] o.s.i.channel.PublishSubscribeChannel    : Channel 'lemon-boot.errorChannel' has 1 subscriber(s).
2025-11-13T16:23:42.561+08:00  INFO 26560 --- [lemon-boot] [restartedMain] o.s.i.endpoint.EventDrivenConsumer       : started bean '_org.springframework.integration.errorLogger'
2025-11-13T16:23:42.582+08:00  INFO 26560 --- [lemon-boot] [restartedMain] o.s.b.w.embedded.tomcat.TomcatWebServer  : Tomcat started on port 8088 (http) with context path '/'
2025-11-13T16:23:42.583+08:00  INFO 26560 --- [lemon-boot] [restartedMain] o.s.s.quartz.SchedulerFactoryBean        : Starting Quartz Scheduler now
2025-11-13T16:23:42.584+08:00  INFO 26560 --- [lemon-boot] [restartedMain] org.quartz.core.QuartzScheduler          : Scheduler quartzScheduler_$_NON_CLUSTERED started.
2025-11-13T16:23:42.604+08:00  INFO 26560 --- [lemon-boot] [restartedMain] o.l.b.BugTrackPlatformServerApplication  : Started BugTrackPlatformServerApplication in 5.15 seconds (process running for 6.34)
2025-11-13T16:23:43.128+08:00  INFO 26560 --- [lemon-boot] [RMI TCP Connection(1)-192.168.50.159] o.a.c.c.C.[Tomcat].[localhost].[/]       : Initializing Spring DispatcherServlet 'dispatcherServlet'
2025-11-13T16:23:43.128+08:00  INFO 26560 --- [lemon-boot] [RMI TCP Connection(1)-192.168.50.159] o.s.web.servlet.DispatcherServlet        : Initializing Servlet 'dispatcherServlet'
2025-11-13T16:23:43.130+08:00  INFO 26560 --- [lemon-boot] [RMI TCP Connection(1)-192.168.50.159] o.s.web.servlet.DispatcherServlet        : Completed initialization in 2 ms
2025-11-13T16:24:38.619+08:00  INFO 26560 --- [lemon-boot] [SpringApplicationShutdownHook] org.quartz.core.QuartzScheduler          : Scheduler quartzScheduler_$_NON_CLUSTERED paused.
2025-11-13T16:24:38.620+08:00  INFO 26560 --- [lemon-boot] [SpringApplicationShutdownHook] o.s.b.w.e.tomcat.GracefulShutdown        : Commencing graceful shutdown. Waiting for active requests to complete
2025-11-13T16:24:38.625+08:00  INFO 26560 --- [lemon-boot] [tomcat-shutdown] o.s.b.w.e.tomcat.GracefulShutdown        : Graceful shutdown complete
2025-11-13T16:24:38.638+08:00  INFO 26560 --- [lemon-boot] [SpringApplicationShutdownHook] o.s.i.endpoint.EventDrivenConsumer       : Removing {logging-channel-adapter:_org.springframework.integration.errorLogger} as a subscriber to the 'errorChannel' channel
2025-11-13T16:24:38.638+08:00  INFO 26560 --- [lemon-boot] [SpringApplicationShutdownHook] o.s.i.channel.PublishSubscribeChannel    : Channel 'lemon-boot.errorChannel' has 0 subscriber(s).
2025-11-13T16:24:38.638+08:00  INFO 26560 --- [lemon-boot] [SpringApplicationShutdownHook] o.s.i.endpoint.EventDrivenConsumer       : stopped bean '_org.springframework.integration.errorLogger'
2025-11-13T16:24:38.641+08:00  INFO 26560 --- [lemon-boot] [SpringApplicationShutdownHook] o.s.s.quartz.SchedulerFactoryBean        : Shutting down Quartz Scheduler
2025-11-13T16:24:38.641+08:00  INFO 26560 --- [lemon-boot] [SpringApplicationShutdownHook] org.quartz.core.QuartzScheduler          : Scheduler quartzScheduler_$_NON_CLUSTERED shutting down.
2025-11-13T16:24:38.641+08:00  INFO 26560 --- [lemon-boot] [SpringApplicationShutdownHook] org.quartz.core.QuartzScheduler          : Scheduler quartzScheduler_$_NON_CLUSTERED paused.
2025-11-13T16:24:38.641+08:00  INFO 26560 --- [lemon-boot] [SpringApplicationShutdownHook] org.quartz.core.QuartzScheduler          : Scheduler quartzScheduler_$_NON_CLUSTERED shutdown complete.
2025-11-13T16:24:38.642+08:00  INFO 26560 --- [lemon-boot] [SpringApplicationShutdownHook] com.alibaba.druid.pool.DruidDataSource   : {dataSource-1} closing ...
2025-11-13T16:24:38.646+08:00  INFO 26560 --- [lemon-boot] [SpringApplicationShutdownHook] com.alibaba.druid.pool.DruidDataSource   : {dataSource-1} closed
2025-11-13T16:25:06.997+08:00  INFO 20664 --- [lemon-boot] [restartedMain] o.l.b.BugTrackPlatformServerApplication  : Starting BugTrackPlatformServerApplication using Java 21.0.7 with PID 20664 (E:\001_open_code\bugtrack-platform-Server\target\classes started by Administrator in E:\001_open_code\bugtrack-platform-Server)
2025-11-13T16:25:06.999+08:00  INFO 20664 --- [lemon-boot] [restartedMain] o.l.b.BugTrackPlatformServerApplication  : The following 1 profile is active: "dev"
2025-11-13T16:25:07.039+08:00  INFO 20664 --- [lemon-boot] [restartedMain] .e.DevToolsPropertyDefaultsPostProcessor : Devtools property defaults active! Set 'spring.devtools.add-properties' to 'false' to disable
2025-11-13T16:25:07.039+08:00  INFO 20664 --- [lemon-boot] [restartedMain] .e.DevToolsPropertyDefaultsPostProcessor : For additional web related logging consider setting the 'logging.level.web' property to 'DEBUG'
2025-11-13T16:25:08.001+08:00  INFO 20664 --- [lemon-boot] [restartedMain] .s.d.r.c.RepositoryConfigurationDelegate : Multiple Spring Data modules found, entering strict repository configuration mode
2025-11-13T16:25:08.002+08:00  INFO 20664 --- [lemon-boot] [restartedMain] .s.d.r.c.RepositoryConfigurationDelegate : Bootstrapping Spring Data Redis repositories in DEFAULT mode.
2025-11-13T16:25:08.020+08:00  INFO 20664 --- [lemon-boot] [restartedMain] .s.d.r.c.RepositoryConfigurationDelegate : Finished Spring Data repository scanning in 4 ms. Found 0 Redis repository interfaces.
2025-11-13T16:25:08.098+08:00  WARN 20664 --- [lemon-boot] [restartedMain] o.m.s.mapper.ClassPathMapperScanner      : No MyBatis mapper was found in '[org.lemon.bugtrackplatformserver]' package. Please check your configuration.
2025-11-13T16:25:08.100+08:00  INFO 20664 --- [lemon-boot] [restartedMain] faultConfiguringBeanFactoryPostProcessor : No bean named 'errorChannel' has been explicitly defined. Therefore, a default PublishSubscribeChannel will be created.
2025-11-13T16:25:08.106+08:00  INFO 20664 --- [lemon-boot] [restartedMain] faultConfiguringBeanFactoryPostProcessor : No bean named 'integrationHeaderChannelRegistry' has been explicitly defined. Therefore, a default DefaultHeaderChannelRegistry will be created.
2025-11-13T16:25:08.780+08:00  INFO 20664 --- [lemon-boot] [restartedMain] o.s.b.w.embedded.tomcat.TomcatWebServer  : Tomcat initialized with port 8088 (http)
2025-11-13T16:25:08.793+08:00  INFO 20664 --- [lemon-boot] [restartedMain] o.apache.catalina.core.StandardService   : Starting service [Tomcat]
2025-11-13T16:25:08.793+08:00  INFO 20664 --- [lemon-boot] [restartedMain] o.apache.catalina.core.StandardEngine    : Starting Servlet engine: [Apache Tomcat/10.1.48]
2025-11-13T16:25:08.847+08:00  INFO 20664 --- [lemon-boot] [restartedMain] o.a.c.c.C.[Tomcat].[localhost].[/]       : Initializing Spring embedded WebApplicationContext
2025-11-13T16:25:08.848+08:00  INFO 20664 --- [lemon-boot] [restartedMain] w.s.c.ServletWebServerApplicationContext : Root WebApplicationContext: initialization completed in 1793 ms
2025-11-13T16:25:09.365+08:00  WARN 20664 --- [lemon-boot] [restartedMain] ion$DefaultTemplateResolverConfiguration : Cannot find template location: classpath:/templates/ (please add some templates, check your Thymeleaf configuration, or set spring.thymeleaf.check-template-location=false)
2025-11-13T16:25:09.633+08:00  INFO 20664 --- [lemon-boot] [restartedMain] c.a.d.s.b.a.DruidDataSourceAutoConfigure : Init DruidDataSource
2025-11-13T16:25:09.967+08:00  INFO 20664 --- [lemon-boot] [restartedMain] com.alibaba.druid.pool.DruidDataSource   : {dataSource-1} inited
2025-11-13T16:25:10.054+08:00  INFO 20664 --- [lemon-boot] [restartedMain] m.e.s.MybatisPlusApplicationContextAware : Register ApplicationContext instances org.springframework.boot.web.servlet.context.AnnotationConfigServletWebServerApplicationContext@4b657445
2025-11-13T16:25:10.302+08:00  INFO 20664 --- [lemon-boot] [restartedMain] org.quartz.impl.StdSchedulerFactory      : Using default implementation for ThreadExecutor
2025-11-13T16:25:10.311+08:00  INFO 20664 --- [lemon-boot] [restartedMain] org.quartz.core.SchedulerSignalerImpl    : Initialized Scheduler Signaller of type: class org.quartz.core.SchedulerSignalerImpl
2025-11-13T16:25:10.311+08:00  INFO 20664 --- [lemon-boot] [restartedMain] org.quartz.core.QuartzScheduler          : Quartz Scheduler v2.5.0 created.
2025-11-13T16:25:10.312+08:00  INFO 20664 --- [lemon-boot] [restartedMain] org.quartz.simpl.RAMJobStore             : RAMJobStore initialized.
2025-11-13T16:25:10.312+08:00  INFO 20664 --- [lemon-boot] [restartedMain] org.quartz.core.QuartzScheduler          : Scheduler meta-data: Quartz Scheduler (v2.5.0) 'quartzScheduler' with instanceId 'NON_CLUSTERED'
  Scheduler class: 'org.quartz.core.QuartzScheduler' - running locally.
  NOT STARTED.
  Currently in standby mode.
  Number of jobs executed: 0
  Using thread pool 'org.quartz.simpl.SimpleThreadPool' - with 10 threads.
  Using job-store 'org.quartz.simpl.RAMJobStore' - which does not support persistence. and is not clustered.

2025-11-13T16:25:10.312+08:00  INFO 20664 --- [lemon-boot] [restartedMain] org.quartz.impl.StdSchedulerFactory      : Quartz scheduler 'quartzScheduler' initialized from an externally provided properties instance.
2025-11-13T16:25:10.312+08:00  INFO 20664 --- [lemon-boot] [restartedMain] org.quartz.impl.StdSchedulerFactory      : Quartz scheduler version: 2.5.0
2025-11-13T16:25:10.312+08:00  INFO 20664 --- [lemon-boot] [restartedMain] org.quartz.core.QuartzScheduler          : JobFactory set to: org.springframework.scheduling.quartz.SpringBeanJobFactory@4f0ab740
2025-11-13T16:25:10.555+08:00  INFO 20664 --- [lemon-boot] [restartedMain] o.s.b.d.a.OptionalLiveReloadServer       : LiveReload server is running on port 35729
2025-11-13T16:25:10.561+08:00  INFO 20664 --- [lemon-boot] [restartedMain] o.s.b.a.e.web.EndpointLinksResolver      : Exposing 3 endpoints beneath base path '/actuator'
2025-11-13T16:25:10.705+08:00  INFO 20664 --- [lemon-boot] [restartedMain] o.s.i.endpoint.EventDrivenConsumer       : Adding {logging-channel-adapter:_org.springframework.integration.errorLogger} as a subscriber to the 'errorChannel' channel
2025-11-13T16:25:10.705+08:00  INFO 20664 --- [lemon-boot] [restartedMain] o.s.i.channel.PublishSubscribeChannel    : Channel 'lemon-boot.errorChannel' has 1 subscriber(s).
2025-11-13T16:25:10.705+08:00  INFO 20664 --- [lemon-boot] [restartedMain] o.s.i.endpoint.EventDrivenConsumer       : started bean '_org.springframework.integration.errorLogger'
2025-11-13T16:25:10.728+08:00  INFO 20664 --- [lemon-boot] [restartedMain] o.s.b.w.embedded.tomcat.TomcatWebServer  : Tomcat started on port 8088 (http) with context path '/'
2025-11-13T16:25:10.729+08:00  INFO 20664 --- [lemon-boot] [restartedMain] o.s.s.quartz.SchedulerFactoryBean        : Starting Quartz Scheduler now
2025-11-13T16:25:10.730+08:00  INFO 20664 --- [lemon-boot] [restartedMain] org.quartz.core.QuartzScheduler          : Scheduler quartzScheduler_$_NON_CLUSTERED started.
2025-11-13T16:25:10.752+08:00  INFO 20664 --- [lemon-boot] [restartedMain] o.l.b.BugTrackPlatformServerApplication  : Started BugTrackPlatformServerApplication in 4.177 seconds (process running for 4.823)
2025-11-13T16:25:11.185+08:00  INFO 20664 --- [lemon-boot] [RMI TCP Connection(2)-192.168.50.159] o.a.c.c.C.[Tomcat].[localhost].[/]       : Initializing Spring DispatcherServlet 'dispatcherServlet'
2025-11-13T16:25:11.185+08:00  INFO 20664 --- [lemon-boot] [RMI TCP Connection(2)-192.168.50.159] o.s.web.servlet.DispatcherServlet        : Initializing Servlet 'dispatcherServlet'
2025-11-13T16:25:11.188+08:00  INFO 20664 --- [lemon-boot] [RMI TCP Connection(2)-192.168.50.159] o.s.web.servlet.DispatcherServlet        : Completed initialization in 3 ms
2025-11-13T16:25:22.752+08:00  INFO 20664 --- [lemon-boot] [SpringApplicationShutdownHook] org.quartz.core.QuartzScheduler          : Scheduler quartzScheduler_$_NON_CLUSTERED paused.
2025-11-13T16:25:22.754+08:00  INFO 20664 --- [lemon-boot] [SpringApplicationShutdownHook] o.s.b.w.e.tomcat.GracefulShutdown        : Commencing graceful shutdown. Waiting for active requests to complete
2025-11-13T16:25:22.761+08:00  INFO 20664 --- [lemon-boot] [tomcat-shutdown] o.s.b.w.e.tomcat.GracefulShutdown        : Graceful shutdown complete
2025-11-13T16:25:22.776+08:00  INFO 20664 --- [lemon-boot] [SpringApplicationShutdownHook] o.s.i.endpoint.EventDrivenConsumer       : Removing {logging-channel-adapter:_org.springframework.integration.errorLogger} as a subscriber to the 'errorChannel' channel
2025-11-13T16:25:22.777+08:00  INFO 20664 --- [lemon-boot] [SpringApplicationShutdownHook] o.s.i.channel.PublishSubscribeChannel    : Channel 'lemon-boot.errorChannel' has 0 subscriber(s).
2025-11-13T16:25:22.777+08:00  INFO 20664 --- [lemon-boot] [SpringApplicationShutdownHook] o.s.i.endpoint.EventDrivenConsumer       : stopped bean '_org.springframework.integration.errorLogger'
2025-11-13T16:25:22.780+08:00  INFO 20664 --- [lemon-boot] [SpringApplicationShutdownHook] o.s.s.quartz.SchedulerFactoryBean        : Shutting down Quartz Scheduler
2025-11-13T16:25:22.780+08:00  INFO 20664 --- [lemon-boot] [SpringApplicationShutdownHook] org.quartz.core.QuartzScheduler          : Scheduler quartzScheduler_$_NON_CLUSTERED shutting down.
2025-11-13T16:25:22.780+08:00  INFO 20664 --- [lemon-boot] [SpringApplicationShutdownHook] org.quartz.core.QuartzScheduler          : Scheduler quartzScheduler_$_NON_CLUSTERED paused.
2025-11-13T16:25:22.780+08:00  INFO 20664 --- [lemon-boot] [SpringApplicationShutdownHook] org.quartz.core.QuartzScheduler          : Scheduler quartzScheduler_$_NON_CLUSTERED shutdown complete.
2025-11-13T16:25:22.781+08:00  INFO 20664 --- [lemon-boot] [SpringApplicationShutdownHook] com.alibaba.druid.pool.DruidDataSource   : {dataSource-1} closing ...
2025-11-13T16:25:22.786+08:00  INFO 20664 --- [lemon-boot] [SpringApplicationShutdownHook] com.alibaba.druid.pool.DruidDataSource   : {dataSource-1} closed
2025-11-13T16:25:48.588+08:00  INFO 1956 --- [lemon-boot] [restartedMain] o.l.b.BugTrackPlatformServerApplication  : Starting BugTrackPlatformServerApplication using Java 21.0.7 with PID 1956 (E:\001_open_code\bugtrack-platform-Server\target\classes started by Administrator in E:\001_open_code\bugtrack-platform-Server)
2025-11-13T16:25:48.590+08:00  INFO 1956 --- [lemon-boot] [restartedMain] o.l.b.BugTrackPlatformServerApplication  : The following 1 profile is active: "dev"
2025-11-13T16:25:48.629+08:00  INFO 1956 --- [lemon-boot] [restartedMain] .e.DevToolsPropertyDefaultsPostProcessor : Devtools property defaults active! Set 'spring.devtools.add-properties' to 'false' to disable
2025-11-13T16:25:48.629+08:00  INFO 1956 --- [lemon-boot] [restartedMain] .e.DevToolsPropertyDefaultsPostProcessor : For additional web related logging consider setting the 'logging.level.web' property to 'DEBUG'
2025-11-13T16:25:49.631+08:00  INFO 1956 --- [lemon-boot] [restartedMain] .s.d.r.c.RepositoryConfigurationDelegate : Multiple Spring Data modules found, entering strict repository configuration mode
2025-11-13T16:25:49.635+08:00  INFO 1956 --- [lemon-boot] [restartedMain] .s.d.r.c.RepositoryConfigurationDelegate : Bootstrapping Spring Data Redis repositories in DEFAULT mode.
2025-11-13T16:25:49.651+08:00  INFO 1956 --- [lemon-boot] [restartedMain] .s.d.r.c.RepositoryConfigurationDelegate : Finished Spring Data repository scanning in 3 ms. Found 0 Redis repository interfaces.
2025-11-13T16:25:49.734+08:00  WARN 1956 --- [lemon-boot] [restartedMain] o.m.s.mapper.ClassPathMapperScanner      : No MyBatis mapper was found in '[org.lemon.bugtrackplatformserver]' package. Please check your configuration.
2025-11-13T16:25:49.736+08:00  INFO 1956 --- [lemon-boot] [restartedMain] faultConfiguringBeanFactoryPostProcessor : No bean named 'errorChannel' has been explicitly defined. Therefore, a default PublishSubscribeChannel will be created.
2025-11-13T16:25:49.742+08:00  INFO 1956 --- [lemon-boot] [restartedMain] faultConfiguringBeanFactoryPostProcessor : No bean named 'integrationHeaderChannelRegistry' has been explicitly defined. Therefore, a default DefaultHeaderChannelRegistry will be created.
2025-11-13T16:25:50.407+08:00  INFO 1956 --- [lemon-boot] [restartedMain] o.s.b.w.embedded.tomcat.TomcatWebServer  : Tomcat initialized with port 8088 (http)
2025-11-13T16:25:50.418+08:00  INFO 1956 --- [lemon-boot] [restartedMain] o.apache.catalina.core.StandardService   : Starting service [Tomcat]
2025-11-13T16:25:50.419+08:00  INFO 1956 --- [lemon-boot] [restartedMain] o.apache.catalina.core.StandardEngine    : Starting Servlet engine: [Apache Tomcat/10.1.48]
2025-11-13T16:25:50.467+08:00  INFO 1956 --- [lemon-boot] [restartedMain] o.a.c.c.C.[Tomcat].[localhost].[/]       : Initializing Spring embedded WebApplicationContext
2025-11-13T16:25:50.467+08:00  INFO 1956 --- [lemon-boot] [restartedMain] w.s.c.ServletWebServerApplicationContext : Root WebApplicationContext: initialization completed in 1825 ms
2025-11-13T16:25:51.202+08:00  INFO 1956 --- [lemon-boot] [restartedMain] c.a.d.s.b.a.DruidDataSourceAutoConfigure : Init DruidDataSource
2025-11-13T16:25:51.517+08:00  INFO 1956 --- [lemon-boot] [restartedMain] com.alibaba.druid.pool.DruidDataSource   : {dataSource-1} inited
2025-11-13T16:25:51.596+08:00  INFO 1956 --- [lemon-boot] [restartedMain] m.e.s.MybatisPlusApplicationContextAware : Register ApplicationContext instances org.springframework.boot.web.servlet.context.AnnotationConfigServletWebServerApplicationContext@256a8a69
2025-11-13T16:25:51.838+08:00  INFO 1956 --- [lemon-boot] [restartedMain] org.quartz.impl.StdSchedulerFactory      : Using default implementation for ThreadExecutor
2025-11-13T16:25:51.848+08:00  INFO 1956 --- [lemon-boot] [restartedMain] org.quartz.core.SchedulerSignalerImpl    : Initialized Scheduler Signaller of type: class org.quartz.core.SchedulerSignalerImpl
2025-11-13T16:25:51.849+08:00  INFO 1956 --- [lemon-boot] [restartedMain] org.quartz.core.QuartzScheduler          : Quartz Scheduler v2.5.0 created.
2025-11-13T16:25:51.850+08:00  INFO 1956 --- [lemon-boot] [restartedMain] org.quartz.simpl.RAMJobStore             : RAMJobStore initialized.
2025-11-13T16:25:51.851+08:00  INFO 1956 --- [lemon-boot] [restartedMain] org.quartz.core.QuartzScheduler          : Scheduler meta-data: Quartz Scheduler (v2.5.0) 'quartzScheduler' with instanceId 'NON_CLUSTERED'
  Scheduler class: 'org.quartz.core.QuartzScheduler' - running locally.
  NOT STARTED.
  Currently in standby mode.
  Number of jobs executed: 0
  Using thread pool 'org.quartz.simpl.SimpleThreadPool' - with 10 threads.
  Using job-store 'org.quartz.simpl.RAMJobStore' - which does not support persistence. and is not clustered.

2025-11-13T16:25:51.851+08:00  INFO 1956 --- [lemon-boot] [restartedMain] org.quartz.impl.StdSchedulerFactory      : Quartz scheduler 'quartzScheduler' initialized from an externally provided properties instance.
2025-11-13T16:25:51.851+08:00  INFO 1956 --- [lemon-boot] [restartedMain] org.quartz.impl.StdSchedulerFactory      : Quartz scheduler version: 2.5.0
2025-11-13T16:25:51.852+08:00  INFO 1956 --- [lemon-boot] [restartedMain] org.quartz.core.QuartzScheduler          : JobFactory set to: org.springframework.scheduling.quartz.SpringBeanJobFactory@3d96de9c
2025-11-13T16:25:52.208+08:00  INFO 1956 --- [lemon-boot] [restartedMain] o.s.b.d.a.OptionalLiveReloadServer       : LiveReload server is running on port 35729
2025-11-13T16:25:52.213+08:00  INFO 1956 --- [lemon-boot] [restartedMain] o.s.b.a.e.web.EndpointLinksResolver      : Exposing 3 endpoints beneath base path '/actuator'
2025-11-13T16:25:52.329+08:00  INFO 1956 --- [lemon-boot] [restartedMain] o.s.i.endpoint.EventDrivenConsumer       : Adding {logging-channel-adapter:_org.springframework.integration.errorLogger} as a subscriber to the 'errorChannel' channel
2025-11-13T16:25:52.329+08:00  INFO 1956 --- [lemon-boot] [restartedMain] o.s.i.channel.PublishSubscribeChannel    : Channel 'lemon-boot.errorChannel' has 1 subscriber(s).
2025-11-13T16:25:52.329+08:00  INFO 1956 --- [lemon-boot] [restartedMain] o.s.i.endpoint.EventDrivenConsumer       : started bean '_org.springframework.integration.errorLogger'
2025-11-13T16:25:52.347+08:00  INFO 1956 --- [lemon-boot] [restartedMain] o.s.b.w.embedded.tomcat.TomcatWebServer  : Tomcat started on port 8088 (http) with context path '/'
2025-11-13T16:25:52.348+08:00  INFO 1956 --- [lemon-boot] [restartedMain] o.s.s.quartz.SchedulerFactoryBean        : Starting Quartz Scheduler now
2025-11-13T16:25:52.348+08:00  INFO 1956 --- [lemon-boot] [restartedMain] org.quartz.core.QuartzScheduler          : Scheduler quartzScheduler_$_NON_CLUSTERED started.
2025-11-13T16:25:52.365+08:00  INFO 1956 --- [lemon-boot] [restartedMain] o.l.b.BugTrackPlatformServerApplication  : Started BugTrackPlatformServerApplication in 4.2 seconds (process running for 4.828)
2025-11-13T16:25:52.779+08:00  INFO 1956 --- [lemon-boot] [RMI TCP Connection(3)-192.168.50.159] o.a.c.c.C.[Tomcat].[localhost].[/]       : Initializing Spring DispatcherServlet 'dispatcherServlet'
2025-11-13T16:25:52.780+08:00  INFO 1956 --- [lemon-boot] [RMI TCP Connection(3)-192.168.50.159] o.s.web.servlet.DispatcherServlet        : Initializing Servlet 'dispatcherServlet'
2025-11-13T16:25:52.782+08:00  INFO 1956 --- [lemon-boot] [RMI TCP Connection(3)-192.168.50.159] o.s.web.servlet.DispatcherServlet        : Completed initialization in 2 ms
2025-11-13T16:26:01.579+08:00  INFO 1956 --- [lemon-boot] [SpringApplicationShutdownHook] org.quartz.core.QuartzScheduler          : Scheduler quartzScheduler_$_NON_CLUSTERED paused.
2025-11-13T16:26:01.581+08:00  INFO 1956 --- [lemon-boot] [SpringApplicationShutdownHook] o.s.b.w.e.tomcat.GracefulShutdown        : Commencing graceful shutdown. Waiting for active requests to complete
2025-11-13T16:26:01.586+08:00  INFO 1956 --- [lemon-boot] [tomcat-shutdown] o.s.b.w.e.tomcat.GracefulShutdown        : Graceful shutdown complete
2025-11-13T16:26:01.601+08:00  INFO 1956 --- [lemon-boot] [SpringApplicationShutdownHook] o.s.i.endpoint.EventDrivenConsumer       : Removing {logging-channel-adapter:_org.springframework.integration.errorLogger} as a subscriber to the 'errorChannel' channel
2025-11-13T16:26:01.601+08:00  INFO 1956 --- [lemon-boot] [SpringApplicationShutdownHook] o.s.i.channel.PublishSubscribeChannel    : Channel 'lemon-boot.errorChannel' has 0 subscriber(s).
2025-11-13T16:26:01.601+08:00  INFO 1956 --- [lemon-boot] [SpringApplicationShutdownHook] o.s.i.endpoint.EventDrivenConsumer       : stopped bean '_org.springframework.integration.errorLogger'
2025-11-13T16:26:01.604+08:00  INFO 1956 --- [lemon-boot] [SpringApplicationShutdownHook] o.s.s.quartz.SchedulerFactoryBean        : Shutting down Quartz Scheduler
2025-11-13T16:26:01.604+08:00  INFO 1956 --- [lemon-boot] [SpringApplicationShutdownHook] org.quartz.core.QuartzScheduler          : Scheduler quartzScheduler_$_NON_CLUSTERED shutting down.
2025-11-13T16:26:01.604+08:00  INFO 1956 --- [lemon-boot] [SpringApplicationShutdownHook] org.quartz.core.QuartzScheduler          : Scheduler quartzScheduler_$_NON_CLUSTERED paused.
2025-11-13T16:26:01.604+08:00  INFO 1956 --- [lemon-boot] [SpringApplicationShutdownHook] org.quartz.core.QuartzScheduler          : Scheduler quartzScheduler_$_NON_CLUSTERED shutdown complete.
2025-11-13T16:26:01.605+08:00  INFO 1956 --- [lemon-boot] [SpringApplicationShutdownHook] com.alibaba.druid.pool.DruidDataSource   : {dataSource-1} closing ...
2025-11-13T16:26:01.609+08:00  INFO 1956 --- [lemon-boot] [SpringApplicationShutdownHook] com.alibaba.druid.pool.DruidDataSource   : {dataSource-1} closed
2025-11-13T16:33:26.524+08:00  INFO 12060 --- [lemon-boot] [restartedMain] o.l.b.BugTrackPlatformServerApplication  : Starting BugTrackPlatformServerApplication using Java 21.0.7 with PID 12060 (E:\001_open_code\bugtrack-platform-Server\target\classes started by Administrator in E:\001_open_code\bugtrack-platform-Server)
2025-11-13T16:33:26.527+08:00  INFO 12060 --- [lemon-boot] [restartedMain] o.l.b.BugTrackPlatformServerApplication  : The following 1 profile is active: "dev"
2025-11-13T16:33:26.570+08:00  INFO 12060 --- [lemon-boot] [restartedMain] .e.DevToolsPropertyDefaultsPostProcessor : Devtools property defaults active! Set 'spring.devtools.add-properties' to 'false' to disable
2025-11-13T16:33:26.570+08:00  INFO 12060 --- [lemon-boot] [restartedMain] .e.DevToolsPropertyDefaultsPostProcessor : For additional web related logging consider setting the 'logging.level.web' property to 'DEBUG'
2025-11-13T16:33:27.979+08:00  INFO 12060 --- [lemon-boot] [restartedMain] .s.d.r.c.RepositoryConfigurationDelegate : Multiple Spring Data modules found, entering strict repository configuration mode
2025-11-13T16:33:27.982+08:00  INFO 12060 --- [lemon-boot] [restartedMain] .s.d.r.c.RepositoryConfigurationDelegate : Bootstrapping Spring Data Redis repositories in DEFAULT mode.
2025-11-13T16:33:28.004+08:00  INFO 12060 --- [lemon-boot] [restartedMain] .s.d.r.c.RepositoryConfigurationDelegate : Finished Spring Data repository scanning in 6 ms. Found 0 Redis repository interfaces.
2025-11-13T16:33:28.106+08:00  WARN 12060 --- [lemon-boot] [restartedMain] o.m.s.mapper.ClassPathMapperScanner      : No MyBatis mapper was found in '[org.lemon.bugtrackplatformserver.modules.mapper]' package. Please check your configuration.
2025-11-13T16:33:28.114+08:00  INFO 12060 --- [lemon-boot] [restartedMain] faultConfiguringBeanFactoryPostProcessor : No bean named 'errorChannel' has been explicitly defined. Therefore, a default PublishSubscribeChannel will be created.
2025-11-13T16:33:28.126+08:00  INFO 12060 --- [lemon-boot] [restartedMain] faultConfiguringBeanFactoryPostProcessor : No bean named 'integrationHeaderChannelRegistry' has been explicitly defined. Therefore, a default DefaultHeaderChannelRegistry will be created.
2025-11-13T16:33:29.108+08:00  INFO 12060 --- [lemon-boot] [restartedMain] o.s.b.w.embedded.tomcat.TomcatWebServer  : Tomcat initialized with port 8088 (http)
2025-11-13T16:33:29.125+08:00  INFO 12060 --- [lemon-boot] [restartedMain] o.apache.catalina.core.StandardService   : Starting service [Tomcat]
2025-11-13T16:33:29.126+08:00  INFO 12060 --- [lemon-boot] [restartedMain] o.apache.catalina.core.StandardEngine    : Starting Servlet engine: [Apache Tomcat/10.1.48]
2025-11-13T16:33:29.183+08:00  INFO 12060 --- [lemon-boot] [restartedMain] o.a.c.c.C.[Tomcat].[localhost].[/]       : Initializing Spring embedded WebApplicationContext
2025-11-13T16:33:29.184+08:00  INFO 12060 --- [lemon-boot] [restartedMain] w.s.c.ServletWebServerApplicationContext : Root WebApplicationContext: initialization completed in 2600 ms
2025-11-13T16:33:30.114+08:00  INFO 12060 --- [lemon-boot] [restartedMain] c.a.d.s.b.a.DruidDataSourceAutoConfigure : Init DruidDataSource
2025-11-13T16:33:30.543+08:00  INFO 12060 --- [lemon-boot] [restartedMain] com.alibaba.druid.pool.DruidDataSource   : {dataSource-1} inited
2025-11-13T16:33:30.649+08:00  INFO 12060 --- [lemon-boot] [restartedMain] m.e.s.MybatisPlusApplicationContextAware : Register ApplicationContext instances org.springframework.boot.web.servlet.context.AnnotationConfigServletWebServerApplicationContext@50e05334
2025-11-13T16:33:30.912+08:00  INFO 12060 --- [lemon-boot] [restartedMain] org.quartz.impl.StdSchedulerFactory      : Using default implementation for ThreadExecutor
2025-11-13T16:33:30.921+08:00  INFO 12060 --- [lemon-boot] [restartedMain] org.quartz.core.SchedulerSignalerImpl    : Initialized Scheduler Signaller of type: class org.quartz.core.SchedulerSignalerImpl
2025-11-13T16:33:30.922+08:00  INFO 12060 --- [lemon-boot] [restartedMain] org.quartz.core.QuartzScheduler          : Quartz Scheduler v2.5.0 created.
2025-11-13T16:33:30.922+08:00  INFO 12060 --- [lemon-boot] [restartedMain] org.quartz.simpl.RAMJobStore             : RAMJobStore initialized.
2025-11-13T16:33:30.923+08:00  INFO 12060 --- [lemon-boot] [restartedMain] org.quartz.core.QuartzScheduler          : Scheduler meta-data: Quartz Scheduler (v2.5.0) 'quartzScheduler' with instanceId 'NON_CLUSTERED'
  Scheduler class: 'org.quartz.core.QuartzScheduler' - running locally.
  NOT STARTED.
  Currently in standby mode.
  Number of jobs executed: 0
  Using thread pool 'org.quartz.simpl.SimpleThreadPool' - with 10 threads.
  Using job-store 'org.quartz.simpl.RAMJobStore' - which does not support persistence. and is not clustered.

2025-11-13T16:33:30.923+08:00  INFO 12060 --- [lemon-boot] [restartedMain] org.quartz.impl.StdSchedulerFactory      : Quartz scheduler 'quartzScheduler' initialized from an externally provided properties instance.
2025-11-13T16:33:30.923+08:00  INFO 12060 --- [lemon-boot] [restartedMain] org.quartz.impl.StdSchedulerFactory      : Quartz scheduler version: 2.5.0
2025-11-13T16:33:30.923+08:00  INFO 12060 --- [lemon-boot] [restartedMain] org.quartz.core.QuartzScheduler          : JobFactory set to: org.springframework.scheduling.quartz.SpringBeanJobFactory@40c61020
2025-11-13T16:33:31.231+08:00  INFO 12060 --- [lemon-boot] [restartedMain] o.s.b.d.a.OptionalLiveReloadServer       : LiveReload server is running on port 35729
2025-11-13T16:33:31.238+08:00  INFO 12060 --- [lemon-boot] [restartedMain] o.s.b.a.e.web.EndpointLinksResolver      : Exposing 3 endpoints beneath base path '/actuator'
2025-11-13T16:33:31.378+08:00  INFO 12060 --- [lemon-boot] [restartedMain] o.s.i.endpoint.EventDrivenConsumer       : Adding {logging-channel-adapter:_org.springframework.integration.errorLogger} as a subscriber to the 'errorChannel' channel
2025-11-13T16:33:31.378+08:00  INFO 12060 --- [lemon-boot] [restartedMain] o.s.i.channel.PublishSubscribeChannel    : Channel 'lemon-boot.errorChannel' has 1 subscriber(s).
2025-11-13T16:33:31.379+08:00  INFO 12060 --- [lemon-boot] [restartedMain] o.s.i.endpoint.EventDrivenConsumer       : started bean '_org.springframework.integration.errorLogger'
2025-11-13T16:33:31.405+08:00  INFO 12060 --- [lemon-boot] [restartedMain] o.s.b.w.embedded.tomcat.TomcatWebServer  : Tomcat started on port 8088 (http) with context path '/'
2025-11-13T16:33:31.406+08:00  INFO 12060 --- [lemon-boot] [restartedMain] o.s.s.quartz.SchedulerFactoryBean        : Starting Quartz Scheduler now
2025-11-13T16:33:31.406+08:00  INFO 12060 --- [lemon-boot] [restartedMain] org.quartz.core.QuartzScheduler          : Scheduler quartzScheduler_$_NON_CLUSTERED started.
2025-11-13T16:33:31.429+08:00  INFO 12060 --- [lemon-boot] [restartedMain] o.l.b.BugTrackPlatformServerApplication  : Started BugTrackPlatformServerApplication in 5.421 seconds (process running for 6.285)
2025-11-13T16:33:31.785+08:00  INFO 12060 --- [lemon-boot] [RMI TCP Connection(5)-192.168.50.159] o.a.c.c.C.[Tomcat].[localhost].[/]       : Initializing Spring DispatcherServlet 'dispatcherServlet'
2025-11-13T16:33:31.786+08:00  INFO 12060 --- [lemon-boot] [RMI TCP Connection(5)-192.168.50.159] o.s.web.servlet.DispatcherServlet        : Initializing Servlet 'dispatcherServlet'
2025-11-13T16:33:31.788+08:00  INFO 12060 --- [lemon-boot] [RMI TCP Connection(5)-192.168.50.159] o.s.web.servlet.DispatcherServlet        : Completed initialization in 2 ms
2025-11-13T16:34:16.054+08:00  INFO 12060 --- [lemon-boot] [SpringApplicationShutdownHook] org.quartz.core.QuartzScheduler          : Scheduler quartzScheduler_$_NON_CLUSTERED paused.
2025-11-13T16:34:16.055+08:00  INFO 12060 --- [lemon-boot] [SpringApplicationShutdownHook] o.s.b.w.e.tomcat.GracefulShutdown        : Commencing graceful shutdown. Waiting for active requests to complete
2025-11-13T16:34:16.061+08:00  INFO 12060 --- [lemon-boot] [tomcat-shutdown] o.s.b.w.e.tomcat.GracefulShutdown        : Graceful shutdown complete
2025-11-13T16:34:16.074+08:00  INFO 12060 --- [lemon-boot] [SpringApplicationShutdownHook] o.s.i.endpoint.EventDrivenConsumer       : Removing {logging-channel-adapter:_org.springframework.integration.errorLogger} as a subscriber to the 'errorChannel' channel
2025-11-13T16:34:16.074+08:00  INFO 12060 --- [lemon-boot] [SpringApplicationShutdownHook] o.s.i.channel.PublishSubscribeChannel    : Channel 'lemon-boot.errorChannel' has 0 subscriber(s).
2025-11-13T16:34:16.075+08:00  INFO 12060 --- [lemon-boot] [SpringApplicationShutdownHook] o.s.i.endpoint.EventDrivenConsumer       : stopped bean '_org.springframework.integration.errorLogger'
2025-11-13T16:34:16.078+08:00  INFO 12060 --- [lemon-boot] [SpringApplicationShutdownHook] o.s.s.quartz.SchedulerFactoryBean        : Shutting down Quartz Scheduler
2025-11-13T16:34:16.078+08:00  INFO 12060 --- [lemon-boot] [SpringApplicationShutdownHook] org.quartz.core.QuartzScheduler          : Scheduler quartzScheduler_$_NON_CLUSTERED shutting down.
2025-11-13T16:34:16.078+08:00  INFO 12060 --- [lemon-boot] [SpringApplicationShutdownHook] org.quartz.core.QuartzScheduler          : Scheduler quartzScheduler_$_NON_CLUSTERED paused.
2025-11-13T16:34:16.078+08:00  INFO 12060 --- [lemon-boot] [SpringApplicationShutdownHook] org.quartz.core.QuartzScheduler          : Scheduler quartzScheduler_$_NON_CLUSTERED shutdown complete.
2025-11-13T16:34:16.079+08:00  INFO 12060 --- [lemon-boot] [SpringApplicationShutdownHook] com.alibaba.druid.pool.DruidDataSource   : {dataSource-1} closing ...
2025-11-13T16:34:16.084+08:00  INFO 12060 --- [lemon-boot] [SpringApplicationShutdownHook] com.alibaba.druid.pool.DruidDataSource   : {dataSource-1} closed
2025-11-13T16:35:43.303+08:00  INFO 5668 --- [lemon-boot] [main] b.BugtrackPlatformServerApplicationTests : Starting BugtrackPlatformServerApplicationTests using Java 21.0.7 with PID 5668 (started by Administrator in E:\001_open_code\bugtrack-platform-Server)
2025-11-13T16:35:43.305+08:00  INFO 5668 --- [lemon-boot] [main] b.BugtrackPlatformServerApplicationTests : The following 1 profile is active: "dev"
2025-11-13T16:35:44.792+08:00  INFO 5668 --- [lemon-boot] [main] .s.d.r.c.RepositoryConfigurationDelegate : Multiple Spring Data modules found, entering strict repository configuration mode
2025-11-13T16:35:44.797+08:00  INFO 5668 --- [lemon-boot] [main] .s.d.r.c.RepositoryConfigurationDelegate : Bootstrapping Spring Data Redis repositories in DEFAULT mode.
2025-11-13T16:35:44.834+08:00  INFO 5668 --- [lemon-boot] [main] .s.d.r.c.RepositoryConfigurationDelegate : Finished Spring Data repository scanning in 9 ms. Found 0 Redis repository interfaces.
2025-11-13T16:35:44.963+08:00  WARN 5668 --- [lemon-boot] [main] o.m.s.mapper.ClassPathMapperScanner      : No MyBatis mapper was found in '[org.lemon.bugtrackplatformserver.modules.mapper]' package. Please check your configuration.
2025-11-13T16:35:44.966+08:00  INFO 5668 --- [lemon-boot] [main] faultConfiguringBeanFactoryPostProcessor : No bean named 'errorChannel' has been explicitly defined. Therefore, a default PublishSubscribeChannel will be created.
2025-11-13T16:35:44.975+08:00  INFO 5668 --- [lemon-boot] [main] faultConfiguringBeanFactoryPostProcessor : No bean named 'integrationHeaderChannelRegistry' has been explicitly defined. Therefore, a default DefaultHeaderChannelRegistry will be created.
2025-11-13T16:35:47.321+08:00  INFO 5668 --- [lemon-boot] [main] c.a.d.s.b.a.DruidDataSourceAutoConfigure : Init DruidDataSource
2025-11-13T16:35:47.940+08:00  INFO 5668 --- [lemon-boot] [main] com.alibaba.druid.pool.DruidDataSource   : {dataSource-1} inited
2025-11-13T16:35:48.094+08:00  INFO 5668 --- [lemon-boot] [main] m.e.s.MybatisPlusApplicationContextAware : Register ApplicationContext instances org.springframework.web.context.support.GenericWebApplicationContext@309028af
2025-11-13T16:35:49.204+08:00  INFO 5668 --- [lemon-boot] [main] org.quartz.impl.StdSchedulerFactory      : Using default implementation for ThreadExecutor
2025-11-13T16:35:49.231+08:00  INFO 5668 --- [lemon-boot] [main] org.quartz.core.SchedulerSignalerImpl    : Initialized Scheduler Signaller of type: class org.quartz.core.SchedulerSignalerImpl
2025-11-13T16:35:49.232+08:00  INFO 5668 --- [lemon-boot] [main] org.quartz.core.QuartzScheduler          : Quartz Scheduler v2.5.0 created.
2025-11-13T16:35:49.233+08:00  INFO 5668 --- [lemon-boot] [main] org.quartz.simpl.RAMJobStore             : RAMJobStore initialized.
2025-11-13T16:35:49.235+08:00  INFO 5668 --- [lemon-boot] [main] org.quartz.core.QuartzScheduler          : Scheduler meta-data: Quartz Scheduler (v2.5.0) 'quartzScheduler' with instanceId 'NON_CLUSTERED'
  Scheduler class: 'org.quartz.core.QuartzScheduler' - running locally.
  NOT STARTED.
  Currently in standby mode.
  Number of jobs executed: 0
  Using thread pool 'org.quartz.simpl.SimpleThreadPool' - with 10 threads.
  Using job-store 'org.quartz.simpl.RAMJobStore' - which does not support persistence. and is not clustered.

2025-11-13T16:35:49.235+08:00  INFO 5668 --- [lemon-boot] [main] org.quartz.impl.StdSchedulerFactory      : Quartz scheduler 'quartzScheduler' initialized from an externally provided properties instance.
2025-11-13T16:35:49.235+08:00  INFO 5668 --- [lemon-boot] [main] org.quartz.impl.StdSchedulerFactory      : Quartz scheduler version: 2.5.0
2025-11-13T16:35:49.235+08:00  INFO 5668 --- [lemon-boot] [main] org.quartz.core.QuartzScheduler          : JobFactory set to: org.springframework.scheduling.quartz.SpringBeanJobFactory@cfb462
2025-11-13T16:35:49.386+08:00  INFO 5668 --- [lemon-boot] [main] o.s.b.a.e.web.EndpointLinksResolver      : Exposing 3 endpoints beneath base path '/actuator'
2025-11-13T16:35:49.586+08:00  INFO 5668 --- [lemon-boot] [main] o.s.i.endpoint.EventDrivenConsumer       : Adding {logging-channel-adapter:_org.springframework.integration.errorLogger} as a subscriber to the 'errorChannel' channel
2025-11-13T16:35:49.586+08:00  INFO 5668 --- [lemon-boot] [main] o.s.i.channel.PublishSubscribeChannel    : Channel 'lemon-boot.errorChannel' has 1 subscriber(s).
2025-11-13T16:35:49.587+08:00  INFO 5668 --- [lemon-boot] [main] o.s.i.endpoint.EventDrivenConsumer       : started bean '_org.springframework.integration.errorLogger'
2025-11-13T16:35:49.587+08:00  INFO 5668 --- [lemon-boot] [main] o.s.s.quartz.SchedulerFactoryBean        : Starting Quartz Scheduler now
2025-11-13T16:35:49.587+08:00  INFO 5668 --- [lemon-boot] [main] org.quartz.core.QuartzScheduler          : Scheduler quartzScheduler_$_NON_CLUSTERED started.
2025-11-13T16:35:49.607+08:00  INFO 5668 --- [lemon-boot] [main] b.BugtrackPlatformServerApplicationTests : Started BugtrackPlatformServerApplicationTests in 6.693 seconds (process running for 7.776)
2025-11-13T16:35:50.280+08:00  INFO 5668 --- [lemon-boot] [SpringApplicationShutdownHook] org.quartz.core.QuartzScheduler          : Scheduler quartzScheduler_$_NON_CLUSTERED paused.
2025-11-13T16:35:50.289+08:00  INFO 5668 --- [lemon-boot] [SpringApplicationShutdownHook] o.s.i.endpoint.EventDrivenConsumer       : Removing {logging-channel-adapter:_org.springframework.integration.errorLogger} as a subscriber to the 'errorChannel' channel
2025-11-13T16:35:50.289+08:00  INFO 5668 --- [lemon-boot] [SpringApplicationShutdownHook] o.s.i.channel.PublishSubscribeChannel    : Channel 'lemon-boot.errorChannel' has 0 subscriber(s).
2025-11-13T16:35:50.290+08:00  INFO 5668 --- [lemon-boot] [SpringApplicationShutdownHook] o.s.i.endpoint.EventDrivenConsumer       : stopped bean '_org.springframework.integration.errorLogger'
2025-11-13T16:35:50.291+08:00  INFO 5668 --- [lemon-boot] [SpringApplicationShutdownHook] o.s.s.quartz.SchedulerFactoryBean        : Shutting down Quartz Scheduler
2025-11-13T16:35:50.292+08:00  INFO 5668 --- [lemon-boot] [SpringApplicationShutdownHook] org.quartz.core.QuartzScheduler          : Scheduler quartzScheduler_$_NON_CLUSTERED shutting down.
2025-11-13T16:35:50.292+08:00  INFO 5668 --- [lemon-boot] [SpringApplicationShutdownHook] org.quartz.core.QuartzScheduler          : Scheduler quartzScheduler_$_NON_CLUSTERED paused.
2025-11-13T16:35:50.292+08:00  INFO 5668 --- [lemon-boot] [SpringApplicationShutdownHook] org.quartz.core.QuartzScheduler          : Scheduler quartzScheduler_$_NON_CLUSTERED shutdown complete.
2025-11-13T16:35:50.294+08:00  INFO 5668 --- [lemon-boot] [SpringApplicationShutdownHook] com.alibaba.druid.pool.DruidDataSource   : {dataSource-1} closing ...
2025-11-13T16:35:50.306+08:00  INFO 5668 --- [lemon-boot] [SpringApplicationShutdownHook] com.alibaba.druid.pool.DruidDataSource   : {dataSource-1} closed
